2024-11-23 16:01:56 [restartedMain] INFO  com.mensageria.consumer.ConsumerApplication - Starting ConsumerApplication using Java 22.0.2 with PID 22652 (C:\Users\victor\Desktop\consumer\consumer\target\classes started by victor in C:\Users\victor\Desktop\consumer)
2024-11-23 16:01:56 [restartedMain] INFO  com.mensageria.consumer.ConsumerApplication - No active profile set, falling back to 1 default profile: "default"
2024-11-23 16:01:56 [restartedMain] INFO  org.springframework.boot.devtools.env.DevToolsPropertyDefaultsPostProcessor - Devtools property defaults active! Set 'spring.devtools.add-properties' to 'false' to disable
2024-11-23 16:01:56 [restartedMain] INFO  org.springframework.boot.devtools.env.DevToolsPropertyDefaultsPostProcessor - For additional web related logging consider setting the 'logging.level.web' property to 'DEBUG'
2024-11-23 16:01:57 [restartedMain] INFO  org.springframework.boot.web.embedded.tomcat.TomcatWebServer - Tomcat initialized with port 8091 (http)
2024-11-23 16:01:57 [restartedMain] INFO  org.springframework.boot.web.servlet.context.ServletWebServerApplicationContext - Root WebApplicationContext: initialization completed in 683 ms
2024-11-23 16:01:57 [restartedMain] WARN  org.springframework.boot.devtools.autoconfigure.OptionalLiveReloadServer - Unable to start LiveReload server
2024-11-23 16:01:57 [restartedMain] INFO  org.springframework.boot.web.embedded.tomcat.TomcatWebServer - Tomcat started on port 8091 (http) with context path '/'
2024-11-23 16:01:57 [restartedMain] INFO  com.mensageria.consumer.ConsumerApplication - Started ConsumerApplication in 1.539 seconds (process running for 2.246)
2024-11-23 16:01:58 [org.springframework.kafka.KafkaListenerEndpointContainer#0-0-C-1] INFO  org.springframework.kafka.listener.KafkaMessageListenerContainer - transaction-consumer-group: partitions assigned: [transactions-0]
2024-11-23 16:02:01 [org.springframework.kafka.KafkaListenerEndpointContainer#0-0-C-1] INFO  org.springframework.kafka.listener.KafkaMessageListenerContainer - transaction-consumer-group: partitions revoked: [transactions-0]
2024-11-23 16:02:01 [org.springframework.kafka.KafkaListenerEndpointContainer#0-0-C-1] INFO  org.springframework.kafka.listener.KafkaMessageListenerContainer - transaction-consumer-group: Consumer stopped
2024-11-23 16:02:01 [SpringApplicationShutdownHook] INFO  org.springframework.boot.web.embedded.tomcat.GracefulShutdown - Commencing graceful shutdown. Waiting for active requests to complete
2024-11-23 16:02:01 [tomcat-shutdown] INFO  org.springframework.boot.web.embedded.tomcat.GracefulShutdown - Graceful shutdown complete
2024-11-23 16:02:04 [restartedMain] INFO  com.mensageria.consumer.ConsumerApplication - Starting ConsumerApplication using Java 22.0.2 with PID 23100 (C:\Users\victor\Desktop\consumer\consumer\target\classes started by victor in C:\Users\victor\Desktop\consumer)
2024-11-23 16:02:04 [restartedMain] INFO  com.mensageria.consumer.ConsumerApplication - No active profile set, falling back to 1 default profile: "default"
2024-11-23 16:02:04 [restartedMain] INFO  org.springframework.boot.devtools.env.DevToolsPropertyDefaultsPostProcessor - Devtools property defaults active! Set 'spring.devtools.add-properties' to 'false' to disable
2024-11-23 16:02:04 [restartedMain] INFO  org.springframework.boot.devtools.env.DevToolsPropertyDefaultsPostProcessor - For additional web related logging consider setting the 'logging.level.web' property to 'DEBUG'
2024-11-23 16:02:04 [restartedMain] INFO  org.springframework.boot.web.embedded.tomcat.TomcatWebServer - Tomcat initialized with port 8091 (http)
2024-11-23 16:02:04 [restartedMain] INFO  org.springframework.boot.web.servlet.context.ServletWebServerApplicationContext - Root WebApplicationContext: initialization completed in 676 ms
2024-11-23 16:02:05 [restartedMain] WARN  org.springframework.boot.devtools.autoconfigure.OptionalLiveReloadServer - Unable to start LiveReload server
2024-11-23 16:02:05 [restartedMain] INFO  org.springframework.boot.web.embedded.tomcat.TomcatWebServer - Tomcat started on port 8091 (http) with context path '/'
2024-11-23 16:02:05 [restartedMain] INFO  com.mensageria.consumer.ConsumerApplication - Started ConsumerApplication in 1.463 seconds (process running for 2.158)
2024-11-23 16:02:05 [org.springframework.kafka.KafkaListenerEndpointContainer#0-0-C-1] INFO  org.springframework.kafka.listener.KafkaMessageListenerContainer - transaction-consumer-group: partitions assigned: [transactions-0]
2024-11-23 16:02:21 [File Watcher] INFO  org.springframework.boot.devtools.autoconfigure.LocalDevToolsAutoConfiguration$RestartingClassPathChangeChangedEventListener - Restarting due to 5 class path changes (0 additions, 4 deletions, 1 modification)
2024-11-23 16:02:21 [org.springframework.kafka.KafkaListenerEndpointContainer#0-0-C-1] INFO  org.springframework.kafka.listener.KafkaMessageListenerContainer - transaction-consumer-group: partitions revoked: [transactions-0]
2024-11-23 16:02:22 [org.springframework.kafka.KafkaListenerEndpointContainer#0-0-C-1] INFO  org.springframework.kafka.listener.KafkaMessageListenerContainer - transaction-consumer-group: Consumer stopped
2024-11-23 16:02:22 [Thread-1] INFO  org.springframework.boot.web.embedded.tomcat.GracefulShutdown - Commencing graceful shutdown. Waiting for active requests to complete
2024-11-23 16:02:22 [tomcat-shutdown] INFO  org.springframework.boot.web.embedded.tomcat.GracefulShutdown - Graceful shutdown complete
2024-11-23 16:02:22 [restartedMain] INFO  com.mensageria.consumer.ConsumerApplication - Starting ConsumerApplication using Java 22.0.2 with PID 23100 (C:\Users\victor\Desktop\consumer\consumer\target\classes started by victor in C:\Users\victor\Desktop\consumer)
2024-11-23 16:02:22 [restartedMain] INFO  com.mensageria.consumer.ConsumerApplication - No active profile set, falling back to 1 default profile: "default"
2024-11-23 16:02:22 [restartedMain] INFO  org.springframework.boot.web.embedded.tomcat.TomcatWebServer - Tomcat initialized with port 8091 (http)
2024-11-23 16:02:22 [restartedMain] INFO  org.springframework.boot.web.servlet.context.ServletWebServerApplicationContext - Root WebApplicationContext: initialization completed in 195 ms
2024-11-23 16:02:22 [restartedMain] WARN  org.springframework.boot.devtools.autoconfigure.OptionalLiveReloadServer - Unable to start LiveReload server
2024-11-23 16:02:22 [restartedMain] INFO  org.springframework.boot.web.embedded.tomcat.TomcatWebServer - Tomcat started on port 8091 (http) with context path '/'
2024-11-23 16:02:22 [restartedMain] INFO  com.mensageria.consumer.ConsumerApplication - Started ConsumerApplication in 0.325 seconds (process running for 19.398)
2024-11-23 16:02:22 [restartedMain] INFO  org.springframework.boot.devtools.autoconfigure.ConditionEvaluationDeltaLoggingListener - Condition evaluation unchanged
2024-11-23 16:02:22 [org.springframework.kafka.KafkaListenerEndpointContainer#0-0-C-1] INFO  org.springframework.kafka.listener.KafkaMessageListenerContainer - transaction-consumer-group: partitions assigned: [transactions-0]
2024-11-23 16:02:23 [File Watcher] INFO  org.springframework.boot.devtools.autoconfigure.LocalDevToolsAutoConfiguration$RestartingClassPathChangeChangedEventListener - Restarting due to 4 class path changes (4 additions, 0 deletions, 0 modifications)
2024-11-23 16:02:23 [org.springframework.kafka.KafkaListenerEndpointContainer#0-0-C-1] INFO  org.springframework.kafka.listener.KafkaMessageListenerContainer - transaction-consumer-group: partitions revoked: [transactions-0]
2024-11-23 16:02:24 [org.springframework.kafka.KafkaListenerEndpointContainer#0-0-C-1] INFO  org.springframework.kafka.listener.KafkaMessageListenerContainer - transaction-consumer-group: Consumer stopped
2024-11-23 16:02:24 [Thread-5] INFO  org.springframework.boot.web.embedded.tomcat.GracefulShutdown - Commencing graceful shutdown. Waiting for active requests to complete
2024-11-23 16:02:24 [tomcat-shutdown] INFO  org.springframework.boot.web.embedded.tomcat.GracefulShutdown - Graceful shutdown complete
2024-11-23 16:02:24 [restartedMain] INFO  com.mensageria.consumer.ConsumerApplication - Starting ConsumerApplication using Java 22.0.2 with PID 23100 (C:\Users\victor\Desktop\consumer\consumer\target\classes started by victor in C:\Users\victor\Desktop\consumer)
2024-11-23 16:02:24 [restartedMain] INFO  com.mensageria.consumer.ConsumerApplication - No active profile set, falling back to 1 default profile: "default"
2024-11-23 16:02:24 [restartedMain] INFO  org.springframework.boot.web.embedded.tomcat.TomcatWebServer - Tomcat initialized with port 8091 (http)
2024-11-23 16:02:24 [restartedMain] INFO  org.springframework.boot.web.servlet.context.ServletWebServerApplicationContext - Root WebApplicationContext: initialization completed in 141 ms
2024-11-23 16:02:24 [restartedMain] WARN  org.springframework.boot.devtools.autoconfigure.OptionalLiveReloadServer - Unable to start LiveReload server
2024-11-23 16:02:24 [restartedMain] INFO  org.springframework.boot.web.embedded.tomcat.TomcatWebServer - Tomcat started on port 8091 (http) with context path '/'
2024-11-23 16:02:24 [restartedMain] INFO  com.mensageria.consumer.ConsumerApplication - Started ConsumerApplication in 0.259 seconds (process running for 21.228)
2024-11-23 16:02:24 [restartedMain] INFO  org.springframework.boot.devtools.autoconfigure.ConditionEvaluationDeltaLoggingListener - Condition evaluation unchanged
2024-11-23 16:02:24 [org.springframework.kafka.KafkaListenerEndpointContainer#0-0-C-1] INFO  org.springframework.kafka.listener.KafkaMessageListenerContainer - transaction-consumer-group: partitions assigned: [transactions-0]
2024-11-23 16:08:37 [org.springframework.kafka.KafkaListenerEndpointContainer#0-0-C-1] INFO  org.springframework.kafka.listener.KafkaMessageListenerContainer - transaction-consumer-group: partitions revoked: [transactions-0]
2024-11-23 16:08:37 [org.springframework.kafka.KafkaListenerEndpointContainer#0-0-C-1] INFO  org.springframework.kafka.listener.KafkaMessageListenerContainer - transaction-consumer-group: Consumer stopped
2024-11-23 16:08:37 [SpringApplicationShutdownHook] INFO  org.springframework.boot.web.embedded.tomcat.GracefulShutdown - Commencing graceful shutdown. Waiting for active requests to complete
2024-11-23 16:08:37 [tomcat-shutdown] INFO  org.springframework.boot.web.embedded.tomcat.GracefulShutdown - Graceful shutdown complete
