2024-11-23 19:55:48 [restartedMain] INFO  mensageria.com.producer.ProducerApplication - Starting ProducerApplication using Java 22.0.2 with PID 192 (C:\Users\victor\Desktop\producer\producer\target\classes started by victor in C:\Users\victor\Desktop\producer)
2024-11-23 19:55:48 [restartedMain] INFO  mensageria.com.producer.ProducerApplication - No active profile set, falling back to 1 default profile: "default"
2024-11-23 19:55:48 [restartedMain] INFO  org.springframework.boot.web.embedded.tomcat.TomcatWebServer - Tomcat initialized with port 8092 (http)
2024-11-23 19:55:48 [restartedMain] INFO  org.apache.coyote.http11.Http11NioProtocol - Initializing ProtocolHandler ["http-nio-8092"]
2024-11-23 19:55:48 [restartedMain] INFO  org.apache.catalina.core.StandardService - Starting service [Tomcat]
2024-11-23 19:55:48 [restartedMain] INFO  org.apache.catalina.core.StandardEngine - Starting Servlet engine: [Apache Tomcat/10.1.33]
2024-11-23 19:55:48 [restartedMain] INFO  org.apache.catalina.core.ContainerBase.[Tomcat].[localhost].[/] - Initializing Spring embedded WebApplicationContext
2024-11-23 19:55:48 [restartedMain] INFO  org.springframework.boot.web.servlet.context.ServletWebServerApplicationContext - Root WebApplicationContext: initialization completed in 214 ms
2024-11-23 19:55:49 [restartedMain] INFO  org.springframework.boot.devtools.autoconfigure.OptionalLiveReloadServer - LiveReload server is running on port 35729
2024-11-23 19:55:49 [restartedMain] INFO  org.apache.coyote.http11.Http11NioProtocol - Starting ProtocolHandler ["http-nio-8092"]
2024-11-23 19:55:49 [restartedMain] INFO  org.springframework.boot.web.embedded.tomcat.TomcatWebServer - Tomcat started on port 8092 (http) with context path '/'
2024-11-23 19:55:49 [restartedMain] INFO  mensageria.com.producer.ProducerApplication - Started ProducerApplication in 0.359 seconds (process running for 4751.774)
2024-11-23 19:55:49 [restartedMain] INFO  org.springframework.boot.devtools.autoconfigure.ConditionEvaluationDeltaLoggingListener - Condition evaluation unchanged
2024-11-23 19:56:05 [SpringApplicationShutdownHook] INFO  org.springframework.boot.web.embedded.tomcat.GracefulShutdown - Commencing graceful shutdown. Waiting for active requests to complete
2024-11-23 19:56:05 [tomcat-shutdown] INFO  org.springframework.boot.web.embedded.tomcat.GracefulShutdown - Graceful shutdown complete
2024-11-23 19:56:08 [background-preinit] INFO  org.hibernate.validator.internal.util.Version - HV000001: Hibernate Validator 8.0.1.Final
2024-11-23 19:56:08 [restartedMain] INFO  mensageria.com.producer.ProducerApplication - Starting ProducerApplication using Java 22.0.2 with PID 4148 (C:\Users\victor\Desktop\producer\producer\target\classes started by victor in C:\Users\victor\Desktop\producer)
2024-11-23 19:56:08 [restartedMain] INFO  mensageria.com.producer.ProducerApplication - No active profile set, falling back to 1 default profile: "default"
2024-11-23 19:56:08 [restartedMain] INFO  org.springframework.boot.devtools.env.DevToolsPropertyDefaultsPostProcessor - Devtools property defaults active! Set 'spring.devtools.add-properties' to 'false' to disable
2024-11-23 19:56:08 [restartedMain] INFO  org.springframework.boot.devtools.env.DevToolsPropertyDefaultsPostProcessor - For additional web related logging consider setting the 'logging.level.web' property to 'DEBUG'
2024-11-23 19:56:09 [restartedMain] INFO  org.springframework.boot.web.embedded.tomcat.TomcatWebServer - Tomcat initialized with port 8092 (http)
2024-11-23 19:56:09 [restartedMain] INFO  org.apache.coyote.http11.Http11NioProtocol - Initializing ProtocolHandler ["http-nio-8092"]
2024-11-23 19:56:09 [restartedMain] INFO  org.apache.catalina.core.StandardService - Starting service [Tomcat]
2024-11-23 19:56:09 [restartedMain] INFO  org.apache.catalina.core.StandardEngine - Starting Servlet engine: [Apache Tomcat/10.1.33]
2024-11-23 19:56:09 [restartedMain] INFO  org.apache.catalina.core.ContainerBase.[Tomcat].[localhost].[/] - Initializing Spring embedded WebApplicationContext
2024-11-23 19:56:09 [restartedMain] INFO  org.springframework.boot.web.servlet.context.ServletWebServerApplicationContext - Root WebApplicationContext: initialization completed in 735 ms
2024-11-23 19:56:09 [restartedMain] WARN  org.springframework.boot.devtools.autoconfigure.OptionalLiveReloadServer - Unable to start LiveReload server
2024-11-23 19:56:09 [restartedMain] INFO  org.apache.coyote.http11.Http11NioProtocol - Starting ProtocolHandler ["http-nio-8092"]
2024-11-23 19:56:09 [restartedMain] INFO  org.springframework.boot.web.embedded.tomcat.TomcatWebServer - Tomcat started on port 8092 (http) with context path '/'
2024-11-23 19:56:09 [restartedMain] INFO  mensageria.com.producer.ProducerApplication - Started ProducerApplication in 1.41 seconds (process running for 2.21)
2024-11-23 19:56:16 [http-nio-8092-exec-2] INFO  org.apache.catalina.core.ContainerBase.[Tomcat].[localhost].[/] - Initializing Spring DispatcherServlet 'dispatcherServlet'
2024-11-23 19:56:16 [http-nio-8092-exec-2] INFO  org.springframework.web.servlet.DispatcherServlet - Initializing Servlet 'dispatcherServlet'
2024-11-23 19:56:16 [http-nio-8092-exec-2] INFO  org.springframework.web.servlet.DispatcherServlet - Completed initialization in 1 ms
2024-11-23 19:56:16 [http-nio-8092-exec-2] WARN  org.springframework.web.servlet.mvc.method.annotation.ExceptionHandlerExceptionResolver - Resolved [org.springframework.web.bind.MethodArgumentNotValidException: Validation failed for argument [0] in public org.springframework.http.ResponseEntity<?> mensageria.com.producer.controller.TransactionController.createTransaction(mensageria.com.producer.controller.dto.TransactionDTO): [Field error in object 'transactionDTO' on field 'status': rejected value [null]; codes [NotBlank.transactionDTO.status,NotBlank.status,NotBlank.java.lang.String,NotBlank]; arguments [org.springframework.context.support.DefaultMessageSourceResolvable: codes [transactionDTO.status,status]; arguments []; default message [status]]; default message [O campo 'status' n찾o pode ser nulo ou vazio.]] ]
2024-11-23 19:56:20 [http-nio-8092-exec-5] INFO  mensageria.com.producer.service.TransactionProducer - Enviando mensagem para o Kafka: TransactionDTO{id='123', status='APPROVED'}
2024-11-23 19:56:20 [http-nio-8092-exec-5] INFO  org.apache.kafka.clients.producer.ProducerConfig - ProducerConfig values: 
	acks = -1
	auto.include.jmx.reporter = true
	batch.size = 16384
	bootstrap.servers = [localhost:9092]
	buffer.memory = 33554432
	client.dns.lookup = use_all_dns_ips
	client.id = producer-producer-1
	compression.gzip.level = -1
	compression.lz4.level = 9
	compression.type = none
	compression.zstd.level = 3
	connections.max.idle.ms = 540000
	delivery.timeout.ms = 120000
	enable.idempotence = true
	enable.metrics.push = true
	interceptor.classes = []
	key.serializer = class org.apache.kafka.common.serialization.StringSerializer
	linger.ms = 0
	max.block.ms = 60000
	max.in.flight.requests.per.connection = 5
	max.request.size = 1048576
	metadata.max.age.ms = 300000
	metadata.max.idle.ms = 300000
	metadata.recovery.strategy = none
	metric.reporters = []
	metrics.num.samples = 2
	metrics.recording.level = INFO
	metrics.sample.window.ms = 30000
	partitioner.adaptive.partitioning.enable = true
	partitioner.availability.timeout.ms = 0
	partitioner.class = null
	partitioner.ignore.keys = false
	receive.buffer.bytes = 32768
	reconnect.backoff.max.ms = 1000
	reconnect.backoff.ms = 50
	request.timeout.ms = 30000
	retries = 2147483647
	retry.backoff.max.ms = 1000
	retry.backoff.ms = 100
	sasl.client.callback.handler.class = null
	sasl.jaas.config = null
	sasl.kerberos.kinit.cmd = /usr/bin/kinit
	sasl.kerberos.min.time.before.relogin = 60000
	sasl.kerberos.service.name = null
	sasl.kerberos.ticket.renew.jitter = 0.05
	sasl.kerberos.ticket.renew.window.factor = 0.8
	sasl.login.callback.handler.class = null
	sasl.login.class = null
	sasl.login.connect.timeout.ms = null
	sasl.login.read.timeout.ms = null
	sasl.login.refresh.buffer.seconds = 300
	sasl.login.refresh.min.period.seconds = 60
	sasl.login.refresh.window.factor = 0.8
	sasl.login.refresh.window.jitter = 0.05
	sasl.login.retry.backoff.max.ms = 10000
	sasl.login.retry.backoff.ms = 100
	sasl.mechanism = GSSAPI
	sasl.oauthbearer.clock.skew.seconds = 30
	sasl.oauthbearer.expected.audience = null
	sasl.oauthbearer.expected.issuer = null
	sasl.oauthbearer.jwks.endpoint.refresh.ms = 3600000
	sasl.oauthbearer.jwks.endpoint.retry.backoff.max.ms = 10000
	sasl.oauthbearer.jwks.endpoint.retry.backoff.ms = 100
	sasl.oauthbearer.jwks.endpoint.url = null
	sasl.oauthbearer.scope.claim.name = scope
	sasl.oauthbearer.sub.claim.name = sub
	sasl.oauthbearer.token.endpoint.url = null
	security.protocol = PLAINTEXT
	security.providers = null
	send.buffer.bytes = 131072
	socket.connection.setup.timeout.max.ms = 30000
	socket.connection.setup.timeout.ms = 10000
	ssl.cipher.suites = null
	ssl.enabled.protocols = [TLSv1.2, TLSv1.3]
	ssl.endpoint.identification.algorithm = https
	ssl.engine.factory.class = null
	ssl.key.password = null
	ssl.keymanager.algorithm = SunX509
	ssl.keystore.certificate.chain = null
	ssl.keystore.key = null
	ssl.keystore.location = null
	ssl.keystore.password = null
	ssl.keystore.type = JKS
	ssl.protocol = TLSv1.3
	ssl.provider = null
	ssl.secure.random.implementation = null
	ssl.trustmanager.algorithm = PKIX
	ssl.truststore.certificates = null
	ssl.truststore.location = null
	ssl.truststore.password = null
	ssl.truststore.type = JKS
	transaction.timeout.ms = 60000
	transactional.id = null
	value.serializer = class org.springframework.kafka.support.serializer.JsonSerializer

2024-11-23 19:56:20 [http-nio-8092-exec-5] INFO  org.apache.kafka.common.telemetry.internals.KafkaMetricsCollector - initializing Kafka metrics collector
2024-11-23 19:56:20 [http-nio-8092-exec-5] INFO  org.apache.kafka.clients.producer.KafkaProducer - [Producer clientId=producer-producer-1] Instantiated an idempotent producer.
2024-11-23 19:56:20 [http-nio-8092-exec-5] INFO  org.apache.kafka.common.utils.AppInfoParser - Kafka version: 3.8.1
2024-11-23 19:56:20 [http-nio-8092-exec-5] INFO  org.apache.kafka.common.utils.AppInfoParser - Kafka commitId: 70d6ff42debf7e17
2024-11-23 19:56:20 [http-nio-8092-exec-5] INFO  org.apache.kafka.common.utils.AppInfoParser - Kafka startTimeMs: 1732402580749
2024-11-23 19:56:20 [kafka-producer-network-thread | producer-producer-1] INFO  org.apache.kafka.clients.Metadata - [Producer clientId=producer-producer-1] Cluster ID: 4cLi8hesRpmdPtMXCne7yA
2024-11-23 19:56:20 [kafka-producer-network-thread | producer-producer-1] INFO  org.apache.kafka.clients.producer.internals.TransactionManager - [Producer clientId=producer-producer-1] ProducerId set to 1015 with epoch 0
2024-11-23 19:56:27 [http-nio-8092-exec-4] INFO  mensageria.com.producer.service.TransactionProducer - Enviando mensagem para o Kafka: TransactionDTO{id='123', status='APPROVED'}
2024-11-23 20:01:25 [http-nio-8092-exec-8] INFO  mensageria.com.producer.service.TransactionProducer - Enviando mensagem para o Kafka: TransactionDTO{id='001', status='APPROVED'}
2024-11-23 20:02:23 [http-nio-8092-exec-9] WARN  org.springframework.web.servlet.mvc.method.annotation.ExceptionHandlerExceptionResolver - Resolved [org.springframework.web.bind.MethodArgumentNotValidException: Validation failed for argument [0] in public org.springframework.http.ResponseEntity<?> mensageria.com.producer.controller.TransactionController.createTransaction(mensageria.com.producer.controller.dto.TransactionDTO): [Field error in object 'transactionDTO' on field 'status': rejected value [null]; codes [NotBlank.transactionDTO.status,NotBlank.status,NotBlank.java.lang.String,NotBlank]; arguments [org.springframework.context.support.DefaultMessageSourceResolvable: codes [transactionDTO.status,status]; arguments []; default message [status]]; default message [O campo 'status' n찾o pode ser nulo ou vazio.]] ]
2024-11-23 20:05:25 [kafka-producer-network-thread | producer-producer-1] INFO  org.apache.kafka.clients.NetworkClient - [Producer clientId=producer-producer-1] Node -1 disconnected.
2024-11-23 20:11:40 [File Watcher] INFO  org.springframework.boot.devtools.autoconfigure.LocalDevToolsAutoConfiguration$RestartingClassPathChangeChangedEventListener - Restarting due to 1 class path change (0 additions, 0 deletions, 1 modification)
2024-11-23 20:11:40 [Thread-1] INFO  org.springframework.boot.web.embedded.tomcat.GracefulShutdown - Commencing graceful shutdown. Waiting for active requests to complete
2024-11-23 20:11:40 [tomcat-shutdown] INFO  org.apache.coyote.http11.Http11NioProtocol - Pausing ProtocolHandler ["http-nio-8092"]
2024-11-23 20:11:40 [tomcat-shutdown] INFO  org.springframework.boot.web.embedded.tomcat.GracefulShutdown - Graceful shutdown complete
2024-11-23 20:11:40 [Thread-1] INFO  org.apache.coyote.http11.Http11NioProtocol - Stopping ProtocolHandler ["http-nio-8092"]
2024-11-23 20:11:40 [Thread-1] INFO  org.apache.kafka.clients.producer.KafkaProducer - [Producer clientId=producer-producer-1] Closing the Kafka producer with timeoutMillis = 30000 ms.
2024-11-23 20:11:40 [Thread-1] INFO  org.apache.kafka.common.metrics.Metrics - Metrics scheduler closed
2024-11-23 20:11:40 [Thread-1] INFO  org.apache.kafka.common.metrics.Metrics - Closing reporter org.apache.kafka.common.metrics.JmxReporter
2024-11-23 20:11:40 [Thread-1] INFO  org.apache.kafka.common.metrics.Metrics - Closing reporter org.apache.kafka.common.telemetry.internals.ClientTelemetryReporter
2024-11-23 20:11:40 [Thread-1] INFO  org.apache.kafka.common.metrics.Metrics - Metrics reporters closed
2024-11-23 20:11:40 [Thread-1] INFO  org.apache.kafka.common.utils.AppInfoParser - App info kafka.producer for producer-producer-1 unregistered
2024-11-23 20:11:40 [restartedMain] INFO  mensageria.com.producer.ProducerApplication - Starting ProducerApplication using Java 22.0.2 with PID 4148 (C:\Users\victor\Desktop\producer\producer\target\classes started by victor in C:\Users\victor\Desktop\producer)
2024-11-23 20:11:40 [restartedMain] INFO  mensageria.com.producer.ProducerApplication - No active profile set, falling back to 1 default profile: "default"
2024-11-23 20:11:40 [restartedMain] INFO  org.springframework.boot.web.embedded.tomcat.TomcatWebServer - Tomcat initialized with port 8092 (http)
2024-11-23 20:11:40 [restartedMain] INFO  org.apache.coyote.http11.Http11NioProtocol - Initializing ProtocolHandler ["http-nio-8092"]
2024-11-23 20:11:40 [restartedMain] INFO  org.apache.catalina.core.StandardService - Starting service [Tomcat]
2024-11-23 20:11:40 [restartedMain] INFO  org.apache.catalina.core.StandardEngine - Starting Servlet engine: [Apache Tomcat/10.1.33]
2024-11-23 20:11:40 [restartedMain] INFO  org.apache.catalina.core.ContainerBase.[Tomcat].[localhost].[/] - Initializing Spring embedded WebApplicationContext
2024-11-23 20:11:40 [restartedMain] INFO  org.springframework.boot.web.servlet.context.ServletWebServerApplicationContext - Root WebApplicationContext: initialization completed in 215 ms
2024-11-23 20:11:40 [restartedMain] INFO  org.springframework.boot.devtools.autoconfigure.OptionalLiveReloadServer - LiveReload server is running on port 35729
2024-11-23 20:11:40 [restartedMain] INFO  org.apache.coyote.http11.Http11NioProtocol - Starting ProtocolHandler ["http-nio-8092"]
2024-11-23 20:11:40 [restartedMain] INFO  org.springframework.boot.web.embedded.tomcat.TomcatWebServer - Tomcat started on port 8092 (http) with context path '/'
2024-11-23 20:11:40 [restartedMain] INFO  mensageria.com.producer.ProducerApplication - Started ProducerApplication in 0.372 seconds (process running for 933.652)
2024-11-23 20:11:40 [restartedMain] INFO  org.springframework.boot.devtools.autoconfigure.ConditionEvaluationDeltaLoggingListener - Condition evaluation unchanged
2024-11-23 20:20:10 [http-nio-8092-exec-2] INFO  org.apache.catalina.core.ContainerBase.[Tomcat].[localhost].[/] - Initializing Spring DispatcherServlet 'dispatcherServlet'
2024-11-23 20:20:10 [http-nio-8092-exec-2] INFO  org.springframework.web.servlet.DispatcherServlet - Initializing Servlet 'dispatcherServlet'
2024-11-23 20:20:10 [http-nio-8092-exec-2] INFO  org.springframework.web.servlet.DispatcherServlet - Completed initialization in 1 ms
2024-11-23 20:20:10 [http-nio-8092-exec-2] INFO  org.apache.kafka.clients.producer.ProducerConfig - ProducerConfig values: 
	acks = -1
	auto.include.jmx.reporter = true
	batch.size = 16384
	bootstrap.servers = [localhost:9092]
	buffer.memory = 33554432
	client.dns.lookup = use_all_dns_ips
	client.id = producer-producer-1
	compression.gzip.level = -1
	compression.lz4.level = 9
	compression.type = none
	compression.zstd.level = 3
	connections.max.idle.ms = 540000
	delivery.timeout.ms = 120000
	enable.idempotence = true
	enable.metrics.push = true
	interceptor.classes = []
	key.serializer = class org.apache.kafka.common.serialization.StringSerializer
	linger.ms = 0
	max.block.ms = 60000
	max.in.flight.requests.per.connection = 5
	max.request.size = 1048576
	metadata.max.age.ms = 300000
	metadata.max.idle.ms = 300000
	metadata.recovery.strategy = none
	metric.reporters = []
	metrics.num.samples = 2
	metrics.recording.level = INFO
	metrics.sample.window.ms = 30000
	partitioner.adaptive.partitioning.enable = true
	partitioner.availability.timeout.ms = 0
	partitioner.class = null
	partitioner.ignore.keys = false
	receive.buffer.bytes = 32768
	reconnect.backoff.max.ms = 1000
	reconnect.backoff.ms = 50
	request.timeout.ms = 30000
	retries = 2147483647
	retry.backoff.max.ms = 1000
	retry.backoff.ms = 100
	sasl.client.callback.handler.class = null
	sasl.jaas.config = null
	sasl.kerberos.kinit.cmd = /usr/bin/kinit
	sasl.kerberos.min.time.before.relogin = 60000
	sasl.kerberos.service.name = null
	sasl.kerberos.ticket.renew.jitter = 0.05
	sasl.kerberos.ticket.renew.window.factor = 0.8
	sasl.login.callback.handler.class = null
	sasl.login.class = null
	sasl.login.connect.timeout.ms = null
	sasl.login.read.timeout.ms = null
	sasl.login.refresh.buffer.seconds = 300
	sasl.login.refresh.min.period.seconds = 60
	sasl.login.refresh.window.factor = 0.8
	sasl.login.refresh.window.jitter = 0.05
	sasl.login.retry.backoff.max.ms = 10000
	sasl.login.retry.backoff.ms = 100
	sasl.mechanism = GSSAPI
	sasl.oauthbearer.clock.skew.seconds = 30
	sasl.oauthbearer.expected.audience = null
	sasl.oauthbearer.expected.issuer = null
	sasl.oauthbearer.jwks.endpoint.refresh.ms = 3600000
	sasl.oauthbearer.jwks.endpoint.retry.backoff.max.ms = 10000
	sasl.oauthbearer.jwks.endpoint.retry.backoff.ms = 100
	sasl.oauthbearer.jwks.endpoint.url = null
	sasl.oauthbearer.scope.claim.name = scope
	sasl.oauthbearer.sub.claim.name = sub
	sasl.oauthbearer.token.endpoint.url = null
	security.protocol = PLAINTEXT
	security.providers = null
	send.buffer.bytes = 131072
	socket.connection.setup.timeout.max.ms = 30000
	socket.connection.setup.timeout.ms = 10000
	ssl.cipher.suites = null
	ssl.enabled.protocols = [TLSv1.2, TLSv1.3]
	ssl.endpoint.identification.algorithm = https
	ssl.engine.factory.class = null
	ssl.key.password = null
	ssl.keymanager.algorithm = SunX509
	ssl.keystore.certificate.chain = null
	ssl.keystore.key = null
	ssl.keystore.location = null
	ssl.keystore.password = null
	ssl.keystore.type = JKS
	ssl.protocol = TLSv1.3
	ssl.provider = null
	ssl.secure.random.implementation = null
	ssl.trustmanager.algorithm = PKIX
	ssl.truststore.certificates = null
	ssl.truststore.location = null
	ssl.truststore.password = null
	ssl.truststore.type = JKS
	transaction.timeout.ms = 60000
	transactional.id = null
	value.serializer = class org.springframework.kafka.support.serializer.JsonSerializer

2024-11-23 20:20:10 [http-nio-8092-exec-2] INFO  org.apache.kafka.common.telemetry.internals.KafkaMetricsCollector - initializing Kafka metrics collector
2024-11-23 20:20:10 [http-nio-8092-exec-2] INFO  org.apache.kafka.clients.producer.KafkaProducer - [Producer clientId=producer-producer-1] Instantiated an idempotent producer.
2024-11-23 20:20:10 [http-nio-8092-exec-2] INFO  org.apache.kafka.common.utils.AppInfoParser - Kafka version: 3.8.1
2024-11-23 20:20:10 [http-nio-8092-exec-2] INFO  org.apache.kafka.common.utils.AppInfoParser - Kafka commitId: 70d6ff42debf7e17
2024-11-23 20:20:10 [http-nio-8092-exec-2] INFO  org.apache.kafka.common.utils.AppInfoParser - Kafka startTimeMs: 1732404010583
2024-11-23 20:20:10 [kafka-producer-network-thread | producer-producer-1] INFO  org.apache.kafka.clients.Metadata - [Producer clientId=producer-producer-1] Cluster ID: 4cLi8hesRpmdPtMXCne7yA
2024-11-23 20:20:10 [kafka-producer-network-thread | producer-producer-1] INFO  org.apache.kafka.clients.producer.internals.TransactionManager - [Producer clientId=producer-producer-1] ProducerId set to 1016 with epoch 0
2024-11-23 20:20:10 [http-nio-8092-exec-2] INFO  mensageria.com.producer.service.TransactionProducer - Mensagem enviada com sucesso para o t처pico 'transactions': TransactionDTO{id='001', status='APPROVED'}
2024-11-23 20:20:22 [http-nio-8092-exec-3] INFO  mensageria.com.producer.service.TransactionProducer - Mensagem enviada com sucesso para o t처pico 'transactions': TransactionDTO{id='001', status='APPROVED'}
2024-11-23 20:29:10 [kafka-producer-network-thread | producer-producer-1] INFO  org.apache.kafka.clients.NetworkClient - [Producer clientId=producer-producer-1] Node -1 disconnected.
2024-11-23 20:39:10 [kafka-producer-network-thread | producer-producer-1] INFO  org.apache.kafka.clients.NetworkClient - [Producer clientId=producer-producer-1] Node -1 disconnected.
2024-11-23 20:42:43 [SpringApplicationShutdownHook] INFO  org.springframework.boot.web.embedded.tomcat.GracefulShutdown - Commencing graceful shutdown. Waiting for active requests to complete
2024-11-23 20:42:43 [tomcat-shutdown] INFO  org.springframework.boot.web.embedded.tomcat.GracefulShutdown - Graceful shutdown complete
2024-11-23 20:42:43 [SpringApplicationShutdownHook] INFO  org.apache.kafka.clients.producer.KafkaProducer - [Producer clientId=producer-producer-1] Closing the Kafka producer with timeoutMillis = 30000 ms.
2024-11-23 20:42:43 [SpringApplicationShutdownHook] INFO  org.apache.kafka.common.metrics.Metrics - Metrics scheduler closed
2024-11-23 20:42:43 [SpringApplicationShutdownHook] INFO  org.apache.kafka.common.metrics.Metrics - Closing reporter org.apache.kafka.common.metrics.JmxReporter
2024-11-23 20:42:43 [SpringApplicationShutdownHook] INFO  org.apache.kafka.common.metrics.Metrics - Closing reporter org.apache.kafka.common.telemetry.internals.ClientTelemetryReporter
2024-11-23 20:42:43 [SpringApplicationShutdownHook] INFO  org.apache.kafka.common.metrics.Metrics - Metrics reporters closed
2024-11-23 20:42:43 [SpringApplicationShutdownHook] INFO  org.apache.kafka.common.utils.AppInfoParser - App info kafka.producer for producer-producer-1 unregistered
